0 verbose cli /usr/bin/node /usr/bin/npm
1 info using npm@8.19.4
2 info using node@v16.20.2
3 timing npm:load:whichnode Completed in 0ms
4 timing config:load:defaults Completed in 2ms
5 timing config:load:file:/usr/lib/node_modules/npm/npmrc Completed in 1ms
6 timing config:load:builtin Completed in 1ms
7 timing config:load:cli Completed in 2ms
8 timing config:load:env Completed in 0ms
9 timing config:load:file:/var/www/.npmrc Completed in 0ms
10 timing config:load:project Completed in 2ms
11 timing config:load:file:/root/.npmrc Completed in 1ms
12 timing config:load:user Completed in 1ms
13 timing config:load:file:/usr/etc/npmrc Completed in 1ms
14 timing config:load:global Completed in 2ms
15 timing config:load:validate Completed in 0ms
16 timing config:load:credentials Completed in 1ms
17 timing config:load:setEnvs Completed in 1ms
18 timing config:load Completed in 12ms
19 timing npm:load:configload Completed in 12ms
20 timing npm:load:mkdirpcache Completed in 4ms
21 timing npm:load:mkdirplogs Completed in 0ms
22 verbose title npm install tailwindcss
23 verbose argv "install" "tailwindcss"
24 timing npm:load:setTitle Completed in 2ms
25 timing config:load:flatten Completed in 2ms
26 timing npm:load:display Completed in 4ms
27 verbose logfile logs-max:10 dir:/var/www/.npm/_logs
28 verbose logfile /var/www/.npm/_logs/2024-10-26T10_55_47_467Z-debug-0.log
29 timing npm:load:logFile Completed in 4ms
30 timing npm:load:timers Completed in 0ms
31 timing npm:load:configScope Completed in 0ms
32 timing npm:load Completed in 28ms
33 timing arborist:ctor Completed in 1ms
34 silly logfile done cleaning log files
35 timing idealTree:init Completed in 427ms
36 timing idealTree:userRequests Completed in 2ms
37 silly idealTree buildDeps
38 silly fetch manifest tailwindcss@*
39 timing arborist:ctor Completed in 0ms
40 http fetch GET 200 https://registry.npmjs.org/tailwindcss 593ms (cache miss)
41 silly placeDep ROOT tailwindcss@3.4.14 OK for:  want: *
42 silly fetch manifest arg@^5.0.2
43 silly fetch manifest dlv@^1.1.3
44 silly fetch manifest jiti@^1.21.0
45 silly fetch manifest sucrase@^3.32.0
46 silly fetch manifest didyoumean@^1.2.2
47 silly fetch manifest postcss-js@^4.0.1
48 silly fetch manifest glob-parent@^6.0.2
49 silly fetch manifest object-hash@^3.0.0
50 silly fetch manifest postcss-import@^15.1.0
51 silly fetch manifest postcss-nested@^6.0.1
52 silly fetch manifest @alloc/quick-lru@^5.2.0
53 silly fetch manifest postcss-load-config@^4.0.1
54 http fetch GET 200 https://registry.npmjs.org/arg 70ms (cache miss)
55 http fetch GET 200 https://registry.npmjs.org/didyoumean 159ms (cache miss)
56 http fetch GET 200 https://registry.npmjs.org/dlv 168ms (cache miss)
57 http fetch GET 200 https://registry.npmjs.org/@alloc%2fquick-lru 165ms (cache miss)
58 http fetch GET 200 https://registry.npmjs.org/glob-parent 169ms (cache miss)
59 http fetch GET 200 https://registry.npmjs.org/postcss-js 171ms (cache miss)
60 http fetch GET 200 https://registry.npmjs.org/postcss-nested 170ms (cache miss)
61 http fetch GET 200 https://registry.npmjs.org/postcss-load-config 171ms (cache miss)
62 http fetch GET 200 https://registry.npmjs.org/postcss-import 174ms (cache miss)
63 http fetch GET 200 https://registry.npmjs.org/object-hash 177ms (cache miss)
64 http fetch GET 200 https://registry.npmjs.org/sucrase 183ms (cache miss)
65 http fetch GET 200 https://registry.npmjs.org/jiti 185ms (cache miss)
66 timing idealTree:#root Completed in 826ms
67 silly fetch manifest postcss@^8.4.23
68 http fetch GET 200 https://registry.npmjs.org/postcss 51ms (cache miss)
69 silly fetch manifest ts-node@>=9.0.0
70 http fetch GET 200 https://registry.npmjs.org/ts-node 54ms (cache miss)
71 silly fetch manifest @swc/core@>=1.2.50
72 http fetch GET 200 https://registry.npmjs.org/@swc%2fcore 345ms (cache miss)
73 silly fetch manifest @swc/helpers@*
74 http fetch GET 200 https://registry.npmjs.org/@swc%2fhelpers 60ms (cache miss)
75 silly fetch manifest @swc/wasm@>=1.2.50
76 http fetch GET 200 https://registry.npmjs.org/@swc%2fwasm 369ms (cache miss)
77 silly fetch manifest @types/node@*
78 http fetch GET 200 https://registry.npmjs.org/@types%2fnode 111ms (cache miss)
79 silly fetch manifest typescript@>=2.7
80 http fetch GET 200 https://registry.npmjs.org/typescript 187ms (cache miss)
81 silly placeDep ROOT @alloc/quick-lru@5.2.0 OK for: tailwindcss@3.4.14 want: ^5.2.0
82 silly placeDep ROOT arg@5.0.2 OK for: tailwindcss@3.4.14 want: ^5.0.2
83 silly placeDep ROOT didyoumean@1.2.2 OK for: tailwindcss@3.4.14 want: ^1.2.2
84 silly placeDep ROOT dlv@1.1.3 OK for: tailwindcss@3.4.14 want: ^1.1.3
85 silly placeDep node_modules/tailwindcss glob-parent@6.0.2 OK for: tailwindcss@3.4.14 want: ^6.0.2
86 silly placeDep ROOT jiti@1.21.6 OK for: tailwindcss@3.4.14 want: ^1.21.0
87 silly placeDep ROOT object-hash@3.0.0 OK for: tailwindcss@3.4.14 want: ^3.0.0
88 silly placeDep ROOT postcss-import@15.1.0 OK for: tailwindcss@3.4.14 want: ^15.1.0
89 silly placeDep ROOT postcss-js@4.0.1 OK for: tailwindcss@3.4.14 want: ^4.0.1
90 silly placeDep node_modules/tailwindcss postcss-load-config@4.0.2 OK for: tailwindcss@3.4.14 want: ^4.0.1
91 silly placeDep ROOT postcss-nested@6.2.0 OK for: tailwindcss@3.4.14 want: ^6.0.1
92 silly placeDep ROOT sucrase@3.35.0 OK for: tailwindcss@3.4.14 want: ^3.32.0
93 silly fetch manifest read-cache@^1.0.0
94 silly fetch manifest camelcase-css@^2.0.1
95 silly fetch manifest yaml@^2.3.4
96 silly fetch manifest lilconfig@^3.0.0
97 silly fetch manifest commander@^4.0.0
98 silly fetch manifest glob@^10.3.10
99 silly fetch manifest mz@^2.7.0
100 silly fetch manifest pirates@^4.0.1
101 silly fetch manifest ts-interface-checker@^0.1.9
102 http fetch GET 200 https://registry.npmjs.org/read-cache 98ms (cache miss)
103 http fetch GET 200 https://registry.npmjs.org/camelcase-css 100ms (cache miss)
104 http fetch GET 200 https://registry.npmjs.org/mz 109ms (cache miss)
105 http fetch GET 200 https://registry.npmjs.org/lilconfig 111ms (cache miss)
106 http fetch GET 200 https://registry.npmjs.org/pirates 109ms (cache miss)
107 http fetch GET 200 https://registry.npmjs.org/ts-interface-checker 109ms (cache miss)
108 http fetch GET 200 https://registry.npmjs.org/yaml 115ms (cache miss)
109 http fetch GET 200 https://registry.npmjs.org/commander 118ms (cache miss)
110 http fetch GET 200 https://registry.npmjs.org/glob 122ms (cache miss)
111 timing idealTree:node_modules/tailwindcss Completed in 1401ms
112 timing idealTree:node_modules/@alloc/quick-lru Completed in 0ms
113 timing idealTree:node_modules/arg Completed in 0ms
114 timing idealTree:node_modules/didyoumean Completed in 0ms
115 timing idealTree:node_modules/dlv Completed in 0ms
116 timing idealTree:node_modules/jiti Completed in 0ms
117 timing idealTree:node_modules/object-hash Completed in 0ms
118 silly placeDep ROOT read-cache@1.0.0 OK for: postcss-import@15.1.0 want: ^1.0.0
119 silly fetch manifest pify@^2.3.0
120 http fetch GET 200 https://registry.npmjs.org/pify 38ms (cache miss)
121 timing idealTree:node_modules/postcss-import Completed in 40ms
122 silly placeDep ROOT camelcase-css@2.0.1 OK for: postcss-js@4.0.1 want: ^2.0.1
123 timing idealTree:node_modules/postcss-js Completed in 2ms
124 timing idealTree:node_modules/camelcase-css Completed in 0ms
125 timing idealTree:node_modules/postcss-nested Completed in 0ms
126 silly placeDep ROOT pify@2.3.0 OK for: read-cache@1.0.0 want: ^2.3.0
127 timing idealTree:node_modules/read-cache Completed in 1ms
128 timing idealTree:node_modules/pify Completed in 0ms
129 silly placeDep node_modules/sucrase commander@4.1.1 OK for: sucrase@3.35.0 want: ^4.0.0
130 silly placeDep node_modules/sucrase glob@10.4.5 OK for: sucrase@3.35.0 want: ^10.3.10
131 silly placeDep ROOT mz@2.7.0 OK for: sucrase@3.35.0 want: ^2.7.0
132 silly placeDep ROOT pirates@4.0.6 OK for: sucrase@3.35.0 want: ^4.0.1
133 silly placeDep ROOT ts-interface-checker@0.1.13 OK for: sucrase@3.35.0 want: ^0.1.9
134 silly fetch manifest minipass@^7.1.2
135 silly fetch manifest jackspeak@^3.1.2
136 silly fetch manifest minimatch@^9.0.4
137 silly fetch manifest path-scurry@^1.11.1
138 silly fetch manifest foreground-child@^3.1.0
139 silly fetch manifest package-json-from-dist@^1.0.0
140 silly fetch manifest any-promise@^1.0.0
141 silly fetch manifest object-assign@^4.0.1
142 silly fetch manifest thenify-all@^1.0.0
143 http fetch GET 200 https://registry.npmjs.org/foreground-child 75ms (cache miss)
144 http fetch GET 200 https://registry.npmjs.org/any-promise 81ms (cache miss)
145 http fetch GET 200 https://registry.npmjs.org/package-json-from-dist 86ms (cache miss)
146 http fetch GET 200 https://registry.npmjs.org/thenify-all 85ms (cache miss)
147 http fetch GET 200 https://registry.npmjs.org/path-scurry 88ms (cache miss)
148 http fetch GET 200 https://registry.npmjs.org/object-assign 89ms (cache miss)
149 http fetch GET 200 https://registry.npmjs.org/jackspeak 93ms (cache miss)
150 http fetch GET 200 https://registry.npmjs.org/minipass 96ms (cache miss)
151 http fetch GET 200 https://registry.npmjs.org/minimatch 97ms (cache miss)
152 timing idealTree:node_modules/sucrase Completed in 106ms
153 silly placeDep ROOT any-promise@1.3.0 OK for: mz@2.7.0 want: ^1.0.0
154 silly placeDep ROOT object-assign@4.1.1 OK for: mz@2.7.0 want: ^4.0.1
155 silly placeDep ROOT thenify-all@1.6.0 OK for: mz@2.7.0 want: ^1.0.0
156 silly fetch manifest thenify@>= 3.1.0 < 4
157 http fetch GET 200 https://registry.npmjs.org/thenify 42ms (cache miss)
158 timing idealTree:node_modules/mz Completed in 45ms
159 timing idealTree:node_modules/any-promise Completed in 1ms
160 timing idealTree:node_modules/object-assign Completed in 0ms
161 timing idealTree:node_modules/pirates Completed in 0ms
162 silly placeDep ROOT thenify@3.3.1 OK for: thenify-all@1.6.0 want: >= 3.1.0 < 4
163 timing idealTree:node_modules/thenify-all Completed in 1ms
164 timing idealTree:node_modules/thenify Completed in 0ms
165 timing idealTree:node_modules/ts-interface-checker Completed in 0ms
166 timing idealTree:node_modules/sucrase/node_modules/commander Completed in 0ms
167 silly placeDep ROOT foreground-child@3.3.0 OK for: glob@10.4.5 want: ^3.1.0
168 silly placeDep ROOT jackspeak@3.4.3 OK for: glob@10.4.5 want: ^3.1.2
169 silly placeDep node_modules/sucrase minimatch@9.0.5 OK for: glob@10.4.5 want: ^9.0.4
170 silly placeDep ROOT minipass@7.1.2 OK for: glob@10.4.5 want: ^7.1.2
171 silly placeDep ROOT package-json-from-dist@1.0.1 OK for: glob@10.4.5 want: ^1.0.0
172 silly placeDep ROOT path-scurry@1.11.1 OK for: glob@10.4.5 want: ^1.11.1
173 silly fetch manifest signal-exit@^4.0.1
174 silly fetch manifest @isaacs/cliui@^8.0.2
175 silly fetch manifest @pkgjs/parseargs@^0.11.0
176 silly fetch manifest brace-expansion@^2.0.1
177 silly fetch manifest lru-cache@^10.2.0
178 http fetch GET 200 https://registry.npmjs.org/brace-expansion 66ms (cache miss)
179 http fetch GET 200 https://registry.npmjs.org/@isaacs%2fcliui 74ms (cache miss)
180 http fetch GET 200 https://registry.npmjs.org/@pkgjs%2fparseargs 74ms (cache miss)
181 http fetch GET 200 https://registry.npmjs.org/signal-exit 76ms (cache miss)
182 http fetch GET 200 https://registry.npmjs.org/lru-cache 74ms (cache miss)
183 timing idealTree:node_modules/sucrase/node_modules/glob Completed in 86ms
184 silly placeDep node_modules/foreground-child signal-exit@4.1.0 OK for: foreground-child@3.3.0 want: ^4.0.1
185 timing idealTree:node_modules/foreground-child Completed in 2ms
186 silly placeDep ROOT @isaacs/cliui@8.0.2 OK for: jackspeak@3.4.3 want: ^8.0.2
187 silly placeDep ROOT @pkgjs/parseargs@0.11.0 OK for: jackspeak@3.4.3 want: ^0.11.0
188 silly fetch manifest string-width@^5.1.2
189 silly fetch manifest string-width-cjs@npm:string-width@^4.2.0
190 silly fetch manifest strip-ansi@^7.0.1
191 silly fetch manifest strip-ansi-cjs@npm:strip-ansi@^6.0.1
192 silly fetch manifest wrap-ansi@^8.1.0
193 silly fetch manifest wrap-ansi-cjs@npm:wrap-ansi@^7.0.0
194 http fetch GET 200 https://registry.npmjs.org/string-width 59ms (cache miss)
195 http fetch GET 200 https://registry.npmjs.org/string-width 61ms (cache miss)
196 http fetch GET 200 https://registry.npmjs.org/strip-ansi 60ms (cache miss)
197 http fetch GET 200 https://registry.npmjs.org/strip-ansi 61ms (cache miss)
198 http fetch GET 200 https://registry.npmjs.org/wrap-ansi 61ms (cache miss)
199 http fetch GET 200 https://registry.npmjs.org/wrap-ansi 61ms (cache miss)
200 timing idealTree:node_modules/jackspeak Completed in 66ms
201 silly placeDep node_modules/@isaacs/cliui string-width@5.1.2 OK for: @isaacs/cliui@8.0.2 want: ^5.1.2
202 silly placeDep ROOT string-width-cjs@4.2.3 OK for: @isaacs/cliui@8.0.2 want: npm:string-width@^4.2.0
203 silly placeDep node_modules/@isaacs/cliui strip-ansi@7.1.0 OK for: @isaacs/cliui@8.0.2 want: ^7.0.1
204 silly placeDep ROOT strip-ansi-cjs@6.0.1 OK for: @isaacs/cliui@8.0.2 want: npm:strip-ansi@^6.0.1
205 silly placeDep node_modules/@isaacs/cliui wrap-ansi@8.1.0 OK for: @isaacs/cliui@8.0.2 want: ^8.1.0
206 silly placeDep ROOT wrap-ansi-cjs@7.0.0 OK for: @isaacs/cliui@8.0.2 want: npm:wrap-ansi@^7.0.0
207 silly fetch manifest emoji-regex@^9.2.2
208 silly fetch manifest eastasianwidth@^0.2.0
209 silly fetch manifest ansi-regex@^6.0.1
210 silly fetch manifest ansi-styles@^6.1.0
211 http fetch GET 200 https://registry.npmjs.org/emoji-regex 51ms (cache miss)
212 http fetch GET 200 https://registry.npmjs.org/eastasianwidth 53ms (cache miss)
213 http fetch GET 200 https://registry.npmjs.org/ansi-styles 52ms (cache miss)
214 http fetch GET 200 https://registry.npmjs.org/ansi-regex 54ms (cache miss)
215 timing idealTree:node_modules/@isaacs/cliui Completed in 64ms
216 timing idealTree:node_modules/@pkgjs/parseargs Completed in 0ms
217 timing idealTree:node_modules/minipass Completed in 0ms
218 timing idealTree:node_modules/package-json-from-dist Completed in 0ms
219 silly placeDep node_modules/path-scurry lru-cache@10.4.3 OK for: path-scurry@1.11.1 want: ^10.2.0
220 timing idealTree:node_modules/path-scurry Completed in 1ms
221 timing idealTree:node_modules/string-width-cjs Completed in 0ms
222 timing idealTree:node_modules/strip-ansi-cjs Completed in 0ms
223 timing idealTree:node_modules/wrap-ansi-cjs Completed in 0ms
224 silly placeDep ROOT eastasianwidth@0.2.0 OK for: string-width@5.1.2 want: ^0.2.0
225 silly placeDep node_modules/@isaacs/cliui emoji-regex@9.2.2 OK for: string-width@5.1.2 want: ^9.2.2
226 timing idealTree:node_modules/@isaacs/cliui/node_modules/string-width Completed in 3ms
227 timing idealTree:node_modules/eastasianwidth Completed in 0ms
228 timing idealTree:node_modules/@isaacs/cliui/node_modules/emoji-regex Completed in 0ms
229 silly placeDep node_modules/@isaacs/cliui ansi-regex@6.1.0 OK for: strip-ansi@7.1.0 want: ^6.0.1
230 timing idealTree:node_modules/@isaacs/cliui/node_modules/strip-ansi Completed in 1ms
231 timing idealTree:node_modules/@isaacs/cliui/node_modules/ansi-regex Completed in 0ms
232 silly placeDep node_modules/@isaacs/cliui ansi-styles@6.2.1 OK for: wrap-ansi@8.1.0 want: ^6.1.0
233 timing idealTree:node_modules/@isaacs/cliui/node_modules/wrap-ansi Completed in 2ms
234 timing idealTree:node_modules/@isaacs/cliui/node_modules/ansi-styles Completed in 0ms
235 timing idealTree:node_modules/foreground-child/node_modules/signal-exit Completed in 0ms
236 timing idealTree:node_modules/path-scurry/node_modules/lru-cache Completed in 0ms
237 silly placeDep node_modules/sucrase brace-expansion@2.0.1 OK for: minimatch@9.0.5 want: ^2.0.1
238 timing idealTree:node_modules/sucrase/node_modules/minimatch Completed in 4ms
239 timing idealTree:node_modules/sucrase/node_modules/brace-expansion Completed in 0ms
240 timing idealTree:node_modules/tailwindcss/node_modules/glob-parent Completed in 0ms
241 silly placeDep node_modules/tailwindcss/node_modules/postcss-load-config lilconfig@3.1.2 OK for: postcss-load-config@4.0.2 want: ^3.0.0
242 silly placeDep node_modules/tailwindcss yaml@2.6.0 OK for: postcss-load-config@4.0.2 want: ^2.3.4
243 timing idealTree:node_modules/tailwindcss/node_modules/postcss-load-config Completed in 4ms
244 timing idealTree:node_modules/tailwindcss/node_modules/yaml Completed in 0ms
245 timing idealTree:node_modules/tailwindcss/node_modules/postcss-load-config/node_modules/lilconfig Completed in 0ms
246 timing idealTree:buildDeps Completed in 2662ms
247 timing idealTree:fixDepFlags Completed in 8ms
248 timing idealTree Completed in 3105ms
249 timing reify:loadTrees Completed in 3105ms
250 timing reify:diffTrees Completed in 16ms
251 silly reify moves {}
252 timing reify:retireShallow Completed in 0ms
253 timing reify:createSparse Completed in 36ms
254 timing reify:loadBundles Completed in 0ms
255 silly audit bulk request {
255 silly audit   '@ampproject/remapping': [ '2.3.0' ],
255 silly audit   '@babel/code-frame': [ '7.26.0' ],
255 silly audit   '@babel/compat-data': [ '7.26.0' ],
255 silly audit   '@babel/core': [ '7.26.0' ],
255 silly audit   semver: [ '6.3.1', '7.6.3' ],
255 silly audit   '@babel/generator': [ '7.26.0' ],
255 silly audit   '@babel/helper-annotate-as-pure': [ '7.25.9' ],
255 silly audit   '@babel/helper-builder-binary-assignment-operator-visitor': [ '7.25.9' ],
255 silly audit   '@babel/helper-compilation-targets': [ '7.25.9' ],
255 silly audit   '@babel/helper-create-class-features-plugin': [ '7.25.9' ],
255 silly audit   '@babel/helper-create-regexp-features-plugin': [ '7.25.9' ],
255 silly audit   '@babel/helper-define-polyfill-provider': [ '0.6.2' ],
255 silly audit   '@babel/helper-member-expression-to-functions': [ '7.25.9' ],
255 silly audit   '@babel/helper-module-imports': [ '7.25.9' ],
255 silly audit   '@babel/helper-module-transforms': [ '7.26.0' ],
255 silly audit   '@babel/helper-optimise-call-expression': [ '7.25.9' ],
255 silly audit   '@babel/helper-plugin-utils': [ '7.25.9' ],
255 silly audit   '@babel/helper-remap-async-to-generator': [ '7.25.9' ],
255 silly audit   '@babel/helper-replace-supers': [ '7.25.9' ],
255 silly audit   '@babel/helper-simple-access': [ '7.25.9' ],
255 silly audit   '@babel/helper-skip-transparent-expression-wrappers': [ '7.25.9' ],
255 silly audit   '@babel/helper-string-parser': [ '7.25.9' ],
255 silly audit   '@babel/helper-validator-identifier': [ '7.25.9' ],
255 silly audit   '@babel/helper-validator-option': [ '7.25.9' ],
255 silly audit   '@babel/helper-wrap-function': [ '7.25.9' ],
255 silly audit   '@babel/helpers': [ '7.26.0' ],
255 silly audit   '@babel/parser': [ '7.26.1' ],
255 silly audit   '@babel/plugin-bugfix-firefox-class-in-computed-class-key': [ '7.25.9' ],
255 silly audit   '@babel/plugin-bugfix-safari-class-field-initializer-scope': [ '7.25.9' ],
255 silly audit   '@babel/plugin-bugfix-safari-id-destructuring-collision-in-function-expression': [ '7.25.9' ],
255 silly audit   '@babel/plugin-bugfix-v8-spread-parameters-in-optional-chaining': [ '7.25.9' ],
255 silly audit   '@babel/plugin-bugfix-v8-static-class-fields-redefine-readonly': [ '7.25.9' ],
255 silly audit   '@babel/plugin-proposal-object-rest-spread': [ '7.20.7' ],
255 silly audit   '@babel/plugin-proposal-private-property-in-object': [ '7.21.0-placeholder-for-preset-env.2' ],
255 silly audit   '@babel/plugin-syntax-dynamic-import': [ '7.8.3' ],
255 silly audit   '@babel/plugin-syntax-import-assertions': [ '7.26.0' ],
255 silly audit   '@babel/plugin-syntax-import-attributes': [ '7.26.0' ],
255 silly audit   '@babel/plugin-syntax-object-rest-spread': [ '7.8.3' ],
255 silly audit   '@babel/plugin-syntax-unicode-sets-regex': [ '7.18.6' ],
255 silly audit   '@babel/plugin-transform-arrow-functions': [ '7.25.9' ],
255 silly audit   '@babel/plugin-transform-async-generator-functions': [ '7.25.9' ],
255 silly audit   '@babel/plugin-transform-async-to-generator': [ '7.25.9' ],
255 silly audit   '@babel/plugin-transform-block-scoped-functions': [ '7.25.9' ],
255 silly audit   '@babel/plugin-transform-block-scoping': [ '7.25.9' ],
255 silly audit   '@babel/plugin-transform-class-properties': [ '7.25.9' ],
255 silly audit   '@babel/plugin-transform-class-static-block': [ '7.26.0' ],
255 silly audit   '@babel/plugin-transform-classes': [ '7.25.9' ],
255 silly audit   '@babel/plugin-transform-computed-properties': [ '7.25.9' ],
255 silly audit   '@babel/plugin-transform-destructuring': [ '7.25.9' ],
255 silly audit   '@babel/plugin-transform-dotall-regex': [ '7.25.9' ],
255 silly audit   '@babel/plugin-transform-duplicate-keys': [ '7.25.9' ],
255 silly audit   '@babel/plugin-transform-duplicate-named-capturing-groups-regex': [ '7.25.9' ],
255 silly audit   '@babel/plugin-transform-dynamic-import': [ '7.25.9' ],
255 silly audit   '@babel/plugin-transform-exponentiation-operator': [ '7.25.9' ],
255 silly audit   '@babel/plugin-transform-export-namespace-from': [ '7.25.9' ],
255 silly audit   '@babel/plugin-transform-for-of': [ '7.25.9' ],
255 silly audit   '@babel/plugin-transform-function-name': [ '7.25.9' ],
255 silly audit   '@babel/plugin-transform-json-strings': [ '7.25.9' ],
255 silly audit   '@babel/plugin-transform-literals': [ '7.25.9' ],
255 silly audit   '@babel/plugin-transform-logical-assignment-operators': [ '7.25.9' ],
255 silly audit   '@babel/plugin-transform-member-expression-literals': [ '7.25.9' ],
255 silly audit   '@babel/plugin-transform-modules-amd': [ '7.25.9' ],
255 silly audit   '@babel/plugin-transform-modules-commonjs': [ '7.25.9' ],
255 silly audit   '@babel/plugin-transform-modules-systemjs': [ '7.25.9' ],
255 silly audit   '@babel/plugin-transform-modules-umd': [ '7.25.9' ],
255 silly audit   '@babel/plugin-transform-named-capturing-groups-regex': [ '7.25.9' ],
255 silly audit   '@babel/plugin-transform-new-target': [ '7.25.9' ],
255 silly audit   '@babel/plugin-transform-nullish-coalescing-operator': [ '7.25.9' ],
255 silly audit   '@babel/plugin-transform-numeric-separator': [ '7.25.9' ],
255 silly audit   '@babel/plugin-transform-object-rest-spread': [ '7.25.9' ],
255 silly audit   '@babel/plugin-transform-object-super': [ '7.25.9' ],
255 silly audit   '@babel/plugin-transform-optional-catch-binding': [ '7.25.9' ],
255 silly audit   '@babel/plugin-transform-optional-chaining': [ '7.25.9' ],
255 silly audit   '@babel/plugin-transform-parameters': [ '7.25.9' ],
255 silly audit   '@babel/plugin-transform-private-methods': [ '7.25.9' ],
255 silly audit   '@babel/plugin-transform-private-property-in-object': [ '7.25.9' ],
255 silly audit   '@babel/plugin-transform-property-literals': [ '7.25.9' ],
255 silly audit   '@babel/plugin-transform-regenerator': [ '7.25.9' ],
255 silly audit   '@babel/plugin-transform-regexp-modifiers': [ '7.26.0' ],
255 silly audit   '@babel/plugin-transform-reserved-words': [ '7.25.9' ],
255 silly audit   '@babel/plugin-transform-runtime': [ '7.25.9' ],
255 silly audit   '@babel/plugin-transform-shorthand-properties': [ '7.25.9' ],
255 silly audit   '@babel/plugin-transform-spread': [ '7.25.9' ],
255 silly audit   '@babel/plugin-transform-sticky-regex': [ '7.25.9' ],
255 silly audit   '@babel/plugin-transform-template-literals': [ '7.25.9' ],
255 silly audit   '@babel/plugin-transform-typeof-symbol': [ '7.25.9' ],
255 silly audit   '@babel/plugin-transform-unicode-escapes': [ '7.25.9' ],
255 silly audit   '@babel/plugin-transform-unicode-property-regex': [ '7.25.9' ],
255 silly audit   '@babel/plugin-transform-unicode-regex': [ '7.25.9' ],
255 silly audit   '@babel/plugin-transform-unicode-sets-regex': [ '7.25.9' ],
255 silly audit   '@babel/preset-env': [ '7.26.0' ],
255 silly audit   '@babel/preset-modules': [ '0.1.6-no-external-plugins' ],
255 silly audit   '@babel/runtime': [ '7.26.0' ],
255 silly audit   '@babel/template': [ '7.25.9' ],
255 silly audit   '@babel/traverse': [ '7.25.9' ],
255 silly audit   '@babel/types': [ '7.26.0' ],
255 silly audit   '@colors/colors': [ '1.5.0' ],
255 silly audit   '@discoveryjs/json-ext': [ '0.5.7' ],
255 silly audit   '@jridgewell/gen-mapping': [ '0.3.5' ],
255 silly audit   '@jridgewell/resolve-uri': [ '3.1.2' ],
255 silly audit   '@jridgewell/set-array': [ '1.2.1' ],
255 silly audit   '@jridgewell/source-map': [ '0.3.6' ],
255 silly audit   '@jridgewell/sourcemap-codec': [ '1.5.0' ],
255 silly audit   '@jridgewell/trace-mapping': [ '0.3.25' ],
255 silly audit   '@leichtgewicht/ip-codec': [ '2.0.5' ],
255 silly audit   '@nodelib/fs.scandir': [ '2.1.5' ],
255 silly audit   '@nodelib/fs.stat': [ '2.0.5' ],
255 silly audit   '@nodelib/fs.walk': [ '1.2.8' ],
255 silly audit   '@trysound/sax': [ '0.2.0' ],
255 silly audit   '@types/babel__core': [ '7.20.5' ],
255 silly audit   '@types/babel__generator': [ '7.6.8' ],
255 silly audit   '@types/babel__template': [ '7.4.4' ],
255 silly audit   '@types/babel__traverse': [ '7.20.6' ],
255 silly audit   '@types/body-parser': [ '1.19.5' ],
255 silly audit   '@types/bonjour': [ '3.5.13' ],
255 silly audit   '@types/clean-css': [ '4.2.11' ],
255 silly audit   '@types/connect': [ '3.4.38' ],
255 silly audit   '@types/connect-history-api-fallback': [ '1.5.4' ],
255 silly audit   '@types/estree': [ '1.0.6' ],
255 silly audit   '@types/express': [ '4.17.21' ],
255 silly audit   '@types/express-serve-static-core': [ '5.0.1', '4.19.6' ],
255 silly audit   '@types/glob': [ '7.2.0' ],
255 silly audit   '@types/http-errors': [ '2.0.4' ],
255 silly audit   '@types/http-proxy': [ '1.17.15' ],
255 silly audit   '@types/imagemin': [ '9.0.0' ],
255 silly audit   '@types/imagemin-gifsicle': [ '7.0.4' ],
255 silly audit   '@types/imagemin-mozjpeg': [ '8.0.4' ],
255 silly audit   '@types/imagemin-optipng': [ '5.2.4' ],
255 silly audit   '@types/imagemin-svgo': [ '8.0.1' ],
255 silly audit   '@types/json-schema': [ '7.0.15' ],
255 silly audit   '@types/mime': [ '1.3.5' ],
255 silly audit   '@types/minimatch': [ '5.1.2' ],
255 silly audit   '@types/node': [ '22.8.1' ],
255 silly audit   '@types/node-forge': [ '1.3.11' ],
255 silly audit   '@types/parse-json': [ '4.0.2' ],
255 silly audit   '@types/qs': [ '6.9.16' ],
255 silly audit   '@types/range-parser': [ '1.2.7' ],
255 silly audit   '@types/retry': [ '0.12.0' ],
255 silly audit   '@types/send': [ '0.17.4' ],
255 silly audit   '@types/serve-index': [ '1.9.4' ],
255 silly audit   '@types/serve-static': [ '1.15.7' ],
255 silly audit   '@types/sockjs': [ '0.3.36' ],
255 silly audit   '@types/svgo': [ '1.3.6' ],
255 silly audit   '@types/ws': [ '8.5.12' ],
255 silly audit   '@webassemblyjs/ast': [ '1.12.1' ],
255 silly audit   '@webassemblyjs/floating-point-hex-parser': [ '1.11.6' ],
255 silly audit   '@webassemblyjs/helper-api-error': [ '1.11.6' ],
255 silly audit   '@webassemblyjs/helper-buffer': [ '1.12.1' ],
255 silly audit   '@webassemblyjs/helper-numbers': [ '1.11.6' ],
255 silly audit   '@webassemblyjs/helper-wasm-bytecode': [ '1.11.6' ],
255 silly audit   '@webassemblyjs/helper-wasm-section': [ '1.12.1' ],
255 silly audit   '@webassemblyjs/ieee754': [ '1.11.6' ],
255 silly audit   '@webassemblyjs/leb128': [ '1.11.6' ],
255 silly audit   '@webassemblyjs/utf8': [ '1.11.6' ],
255 silly audit   '@webassemblyjs/wasm-edit': [ '1.12.1' ],
255 silly audit   '@webassemblyjs/wasm-gen': [ '1.12.1' ],
255 silly audit   '@webassemblyjs/wasm-opt': [ '1.12.1' ],
255 silly audit   '@webassemblyjs/wasm-parser': [ '1.12.1' ],
255 silly audit   '@webassemblyjs/wast-printer': [ '1.12.1' ],
255 silly audit   '@webpack-cli/configtest': [ '1.2.0' ],
255 silly audit   '@webpack-cli/info': [ '1.5.0' ],
255 silly audit   '@webpack-cli/serve': [ '1.7.0' ],
255 silly audit   '@xtuc/ieee754': [ '1.2.0' ],
255 silly audit   '@xtuc/long': [ '4.2.2' ],
255 silly audit   accepts: [ '1.3.8' ],
255 silly audit   acorn: [ '8.13.0' ],
255 silly audit   'acorn-import-attributes': [ '1.9.5' ],
255 silly audit   ajv: [ '6.12.6', '8.17.1' ],
255 silly audit   'ajv-formats': [ '2.1.1' ],
255 silly audit   'json-schema-traverse': [ '1.0.0', '0.4.1' ],
255 silly audit   'ajv-keywords': [ '3.5.2', '5.1.0' ],
255 silly audit   'ansi-html-community': [ '0.0.8' ],
255 silly audit   'ansi-regex': [ '5.0.1', '6.1.0' ],
255 silly audit   'ansi-styles': [ '4.3.0', '6.2.1' ],
255 silly audit   anymatch: [ '3.1.3' ],
255 silly audit   'array-flatten': [ '1.1.1' ],
255 silly audit   'array-union': [ '2.1.0' ],
255 silly audit   'asn1.js': [ '4.10.1' ],
255 silly audit   'bn.js': [ '4.12.0', '5.2.1' ],
255 silly audit   assert: [ '1.5.1' ],
255 silly audit   inherits: [ '2.0.3', '2.0.4' ],
255 silly audit   util: [ '0.10.4', '0.11.1' ],
255 silly audit   autoprefixer: [ '10.4.20' ],
255 silly audit   axios: [ '0.21.4' ],
255 silly audit   'babel-loader': [ '8.4.1' ],
255 silly audit   'babel-plugin-polyfill-corejs2': [ '0.4.11' ],
255 silly audit   'babel-plugin-polyfill-corejs3': [ '0.10.6' ],
255 silly audit   'babel-plugin-polyfill-regenerator': [ '0.6.2' ],
255 silly audit   'balanced-match': [ '1.0.2' ],
255 silly audit   'base64-js': [ '1.5.1' ],
255 silly audit   batch: [ '0.6.1' ],
255 silly audit   'big.js': [ '5.2.2' ],
255 silly audit   'binary-extensions': [ '2.3.0' ],
255 silly audit   'body-parser': [ '1.20.3' ],
255 silly audit   bytes: [ '3.1.2', '3.0.0' ],
255 silly audit   debug: [ '2.6.9', '4.3.7' ],
255 silly audit   ms: [ '2.0.0', '2.1.3' ],
255 silly audit   'bonjour-service': [ '1.2.1' ],
255 silly audit   boolbase: [ '1.0.0' ],
255 silly audit   'brace-expansion': [ '1.1.11', '2.0.1' ],
255 silly audit   braces: [ '3.0.3' ],
255 silly audit   brorand: [ '1.1.0' ],
255 silly audit   'browserify-aes': [ '1.2.0' ],
255 silly audit   'browserify-cipher': [ '1.0.1' ],
255 silly audit   'browserify-des': [ '1.0.2' ],
255 silly audit   'browserify-rsa': [ '4.1.1' ],
255 silly audit   'browserify-sign': [ '4.2.3' ],
255 silly audit   'browserify-zlib': [ '0.2.0' ],
255 silly audit   browserslist: [ '4.24.2' ],
255 silly audit   buffer: [ '4.9.2' ],
255 silly audit   'buffer-from': [ '1.1.2' ],
255 silly audit   'buffer-xor': [ '1.0.3' ],
255 silly audit   'builtin-status-codes': [ '3.0.0' ],
255 silly audit   'call-bind': [ '1.0.7' ],
255 silly audit   callsites: [ '3.1.0' ],
255 silly audit   'camel-case': [ '4.1.2' ],
255 silly audit   'caniuse-api': [ '3.0.0' ],
255 silly audit   'caniuse-lite': [ '1.0.30001671' ],
255 silly audit   chalk: [ '4.1.2' ],
255 silly audit   charenc: [ '0.0.2' ],
255 silly audit   chokidar: [ '3.6.0' ],
255 silly audit   'chrome-trace-event': [ '1.0.4' ],
255 silly audit   'cipher-base': [ '1.0.4' ],
255 silly audit   'clean-css': [ '5.3.3', '4.2.4' ],
255 silly audit   'cli-table3': [ '0.6.5' ],
255 silly audit   cliui: [ '8.0.1' ],
255 silly audit   'clone-deep': [ '4.0.1' ],
255 silly audit   'collect.js': [ '4.36.1' ],
255 silly audit   'color-convert': [ '2.0.1' ],
255 silly audit   'color-name': [ '1.1.4' ],
255 silly audit   colord: [ '2.9.3' ],
255 silly audit   colorette: [ '2.0.20' ],
255 silly audit   commander: [ '7.2.0', '2.20.3', '4.1.1' ],
255 silly audit   commondir: [ '1.0.1' ],
255 silly audit   compressible: [ '2.0.18' ],
255 silly audit   compression: [ '1.7.4' ],
255 silly audit   'safe-buffer': [ '5.1.2', '5.2.1' ],
255 silly audit   concat: [ '1.0.3' ],
255 silly audit   'concat-map': [ '0.0.1' ],
255 silly audit   'connect-history-api-fallback': [ '2.0.0' ],
255 silly audit   consola: [ '2.15.3' ],
255 silly audit   'console-browserify': [ '1.2.0' ],
255 silly audit   'constants-browserify': [ '1.0.0' ],
255 silly audit   'content-disposition': [ '0.5.4' ],
255 silly audit   'content-type': [ '1.0.5' ],
255 silly audit   'convert-source-map': [ '2.0.0' ],
255 silly audit   cookie: [ '0.7.1' ],
255 silly audit   'cookie-signature': [ '1.0.6' ],
255 silly audit   'core-js-compat': [ '3.38.1' ],
255 silly audit   'core-util-is': [ '1.0.3' ],
255 silly audit   cosmiconfig: [ '7.1.0' ],
255 silly audit   'create-ecdh': [ '4.0.4' ],
255 silly audit   'create-hash': [ '1.2.0' ],
255 silly audit   'create-hmac': [ '1.1.7' ],
255 silly audit   'cross-spawn': [ '7.0.3' ],
255 silly audit   crypt: [ '0.0.2' ],
255 silly audit   'crypto-browserify': [ '3.12.1' ],
255 silly audit   'css-declaration-sorter': [ '6.4.1' ],
255 silly audit   'css-loader': [ '5.2.7' ],
255 silly audit   'schema-utils': [ '3.3.0', '2.7.1', '4.2.0' ],
255 silly audit   'css-select': [ '4.3.0' ],
255 silly audit   domhandler: [ '4.3.1', '3.3.0' ],
255 silly audit   'css-tree': [ '1.1.3' ],
255 silly audit   'css-what': [ '6.1.0' ],
255 silly audit   cssesc: [ '3.0.0' ],
255 silly audit   cssnano: [ '5.1.15' ],
255 silly audit   'cssnano-preset-default': [ '5.2.14' ],
255 silly audit   'cssnano-utils': [ '3.1.0' ],
255 silly audit   csso: [ '4.2.0' ],
255 silly audit   'default-gateway': [ '6.0.3' ],
255 silly audit   'define-data-property': [ '1.1.4' ],
255 silly audit   'define-lazy-prop': [ '2.0.0' ],
255 silly audit   'define-properties': [ '1.2.1' ],
255 silly audit   depd: [ '2.0.0', '1.1.2' ],
255 silly audit   'des.js': [ '1.1.0' ],
255 silly audit   destroy: [ '1.2.0' ],
255 silly audit   'detect-node': [ '2.1.0' ],
255 silly audit   'diffie-hellman': [ '5.0.3' ],
255 silly audit   'dir-glob': [ '3.0.1' ],
255 silly audit   'dns-packet': [ '5.6.1' ],
255 silly audit   'dom-serializer': [ '1.4.1' ],
255 silly audit   'domain-browser': [ '1.2.0' ],
255 silly audit   domelementtype: [ '2.3.0' ],
255 silly audit   domutils: [ '2.8.0' ],
255 silly audit   'dot-case': [ '3.0.4' ],
255 silly audit   dotenv: [ '10.0.0' ],
255 silly audit   'dotenv-expand': [ '5.1.0' ],
255 silly audit   'ee-first': [ '1.1.1' ],
255 silly audit   'electron-to-chromium': [ '1.5.47' ],
255 silly audit   elliptic: [ '6.6.0' ],
255 silly audit   'emoji-regex': [ '8.0.0', '9.2.2' ],
255 silly audit   'emojis-list': [ '3.0.0' ],
255 silly audit   encodeurl: [ '2.0.0', '1.0.2' ],
255 silly audit   'enhanced-resolve': [ '5.17.1' ],
255 silly audit   entities: [ '2.2.0' ],
255 silly audit   envinfo: [ '7.14.0' ],
255 silly audit   'error-ex': [ '1.3.2' ],
255 silly audit   'es-define-property': [ '1.0.0' ],
255 silly audit   'es-errors': [ '1.3.0' ],
255 silly audit   'es-module-lexer': [ '1.5.4' ],
255 silly audit   escalade: [ '3.2.0' ],
255 silly audit   'escape-html': [ '1.0.3' ],
255 silly audit   'eslint-scope': [ '5.1.1' ],
255 silly audit   esrecurse: [ '4.3.0' ],
255 silly audit   estraverse: [ '5.3.0', '4.3.0' ],
255 silly audit   esutils: [ '2.0.3' ],
255 silly audit   etag: [ '1.8.1' ],
255 silly audit   eventemitter3: [ '4.0.7' ],
255 silly audit   events: [ '3.3.0' ],
255 silly audit   evp_bytestokey: [ '1.0.3' ],
255 silly audit   execa: [ '5.1.1' ],
255 silly audit   express: [ '4.21.1' ],
255 silly audit   'fast-deep-equal': [ '3.1.3' ],
255 silly audit   'fast-glob': [ '3.3.2' ],
255 silly audit   'fast-json-stable-stringify': [ '2.1.0' ],
255 silly audit   'fast-uri': [ '3.0.3' ],
255 silly audit   'fastest-levenshtein': [ '1.0.16' ],
255 silly audit   fastq: [ '1.17.1' ],
255 silly audit   'faye-websocket': [ '0.11.4' ],
255 silly audit   'file-loader': [ '6.2.0' ],
255 silly audit   'file-type': [ '12.4.2' ],
255 silly audit   'fill-range': [ '7.1.1' ],
255 silly audit   finalhandler: [ '1.3.1' ],
255 silly audit   'find-cache-dir': [ '3.3.2' ],
255 silly audit   'find-up': [ '4.1.0' ],
255 silly audit   flat: [ '5.0.2' ],
255 silly audit   'follow-redirects': [ '1.15.9' ],
255 silly audit   forwarded: [ '0.2.0' ],
255 silly audit   'fraction.js': [ '4.3.7' ],
255 silly audit   fresh: [ '0.5.2' ],
255 silly audit   'fs-extra': [ '10.1.0' ],
255 silly audit   'fs-monkey': [ '1.0.6' ],
255 silly audit   'fs.realpath': [ '1.0.0' ],
255 silly audit   fsevents: [ '2.3.3' ],
255 silly audit   'function-bind': [ '1.1.2' ],
255 silly audit   gensync: [ '1.0.0-beta.2' ],
255 silly audit   'get-caller-file': [ '2.0.5' ],
255 silly audit   'get-intrinsic': [ '1.2.4' ],
255 silly audit   'get-stream': [ '6.0.1' ],
255 silly audit   glob: [ '7.2.3', '10.4.5' ],
255 silly audit   'glob-parent': [ '5.1.2', '6.0.2' ],
255 silly audit   'glob-to-regexp': [ '0.4.1' ],
255 silly audit   globals: [ '11.12.0' ],
255 silly audit   globby: [ '10.0.2' ],
255 silly audit   gopd: [ '1.0.1' ],
255 silly audit   'graceful-fs': [ '4.2.11' ],
255 silly audit   growly: [ '1.3.0' ],
255 silly audit   'handle-thing': [ '2.0.1' ],
255 silly audit   'has-flag': [ '4.0.0' ],
255 silly audit   'has-property-descriptors': [ '1.0.2' ],
255 silly audit   'has-proto': [ '1.0.3' ],
255 silly audit   'has-symbols': [ '1.0.3' ],
255 silly audit   'hash-base': [ '3.0.4' ],
255 silly audit   'hash-sum': [ '1.0.2' ],
255 silly audit   'hash.js': [ '1.1.7' ],
255 silly audit   hasown: [ '2.0.2' ],
255 silly audit   he: [ '1.2.0' ],
255 silly audit   'hmac-drbg': [ '1.0.1' ],
255 silly audit   'hpack.js': [ '2.1.6' ],
255 silly audit   'html-entities': [ '2.5.2' ],
255 silly audit   'html-loader': [ '1.3.2' ],
255 silly audit   'html-minifier-terser': [ '5.1.1' ],
255 silly audit   terser: [ '4.8.1', '5.36.0' ],
255 silly audit   htmlparser2: [ '4.1.0' ],
255 silly audit   'http-deceiver': [ '1.2.7' ],
255 silly audit   'http-errors': [ '2.0.0', '1.6.3' ],
255 silly audit   'http-parser-js': [ '0.5.8' ],
255 silly audit   'http-proxy': [ '1.18.1' ],
255 silly audit   'http-proxy-middleware': [ '2.0.7' ],
255 silly audit   'https-browserify': [ '1.0.0' ],
255 silly audit   'human-signals': [ '2.1.0' ],
255 silly audit   'iconv-lite': [ '0.4.24' ],
255 silly audit   'icss-utils': [ '5.1.0' ],
255 silly audit   ieee754: [ '1.2.1' ],
255 silly audit   ignore: [ '5.3.2' ],
255 silly audit   imagemin: [ '7.0.1' ],
255 silly audit   'img-loader': [ '4.0.0' ],
255 silly audit   json5: [ '1.0.2', '2.2.3' ],
255 silly audit   'loader-utils': [ '1.4.2', '2.0.4' ],
255 silly audit   'import-fresh': [ '3.3.0' ],
255 silly audit   'import-local': [ '3.2.0' ],
255 silly audit   inflight: [ '1.0.6' ],
255 silly audit   interpret: [ '2.2.0' ],
255 silly audit   'ipaddr.js': [ '2.2.0', '1.9.1' ],
255 silly audit   'is-arrayish': [ '0.2.1' ],
255 silly audit   'is-binary-path': [ '2.1.0' ],
255 silly audit   'is-buffer': [ '1.1.6' ],
255 silly audit   'is-core-module': [ '2.15.1' ],
255 silly audit   'is-docker': [ '2.2.1' ],
255 silly audit   'is-extglob': [ '2.1.1' ],
255 silly audit   'is-fullwidth-code-point': [ '3.0.0' ],
255 silly audit   'is-glob': [ '4.0.3' ],
255 silly audit   'is-number': [ '7.0.0' ],
255 silly audit   'is-plain-obj': [ '3.0.0' ],
255 silly audit   'is-plain-object': [ '2.0.4' ],
255 silly audit   'is-stream': [ '2.0.1' ],
255 silly audit   'is-wsl': [ '2.2.0' ],
255 silly audit   isarray: [ '1.0.0' ],
255 silly audit   isexe: [ '2.0.0' ],
255 silly audit   isobject: [ '3.0.1' ],
255 silly audit   'jest-worker': [ '27.5.1' ],
255 silly audit   'supports-color': [ '8.1.1', '7.2.0' ],
255 silly audit   'js-tokens': [ '4.0.0' ],
255 silly audit   jsesc: [ '3.0.2' ],
255 silly audit   'json-parse-even-better-errors': [ '2.3.1' ],
255 silly audit   jsonfile: [ '6.1.0' ],
255 silly audit   junk: [ '3.1.0' ],
255 silly audit   'kind-of': [ '6.0.3' ],
255 silly audit   klona: [ '2.0.6' ],
255 silly audit   'laravel-mix': [ '6.0.49' ],
255 silly audit   'launch-editor': [ '2.9.1' ],
255 silly audit   lilconfig: [ '2.1.0', '3.1.2' ],
255 silly audit   'lines-and-columns': [ '1.2.4' ],
255 silly audit   'loader-runner': [ '4.3.0' ],
255 silly audit   'locate-path': [ '5.0.0' ],
255 silly audit   lodash: [ '4.17.21' ],
255 silly audit   'lodash.debounce': [ '4.0.8' ],
255 silly audit   'lodash.memoize': [ '4.1.2' ],
255 silly audit   'lodash.uniq': [ '4.5.0' ],
255 silly audit   'lower-case': [ '2.0.2' ],
255 silly audit   'lru-cache': [ '5.1.1', '10.4.3' ],
255 silly audit   'make-dir': [ '3.1.0' ],
255 silly audit   md5: [ '2.3.0' ],
255 silly audit   'md5.js': [ '1.3.5' ],
255 silly audit   'mdn-data': [ '2.0.14' ],
255 silly audit   'media-typer': [ '0.3.0' ],
255 silly audit   memfs: [ '3.5.3' ],
255 silly audit   'merge-descriptors': [ '1.0.3' ],
255 silly audit   'merge-stream': [ '2.0.0' ],
255 silly audit   merge2: [ '1.4.1' ],
255 silly audit   methods: [ '1.1.2' ],
255 silly audit   micromatch: [ '4.0.8' ],
255 silly audit   'miller-rabin': [ '4.0.1' ],
255 silly audit   mime: [ '1.6.0' ],
255 silly audit   'mime-db': [ '1.52.0' ],
255 silly audit   'mime-types': [ '2.1.35' ],
255 silly audit   'mimic-fn': [ '2.1.0' ],
255 silly audit   'mini-css-extract-plugin': [ '1.6.2' ],
255 silly audit   'minimalistic-assert': [ '1.0.1' ],
255 silly audit   'minimalistic-crypto-utils': [ '1.0.1' ],
255 silly audit   minimatch: [ '3.1.2', '9.0.5' ],
255 silly audit   minimist: [ '1.2.8' ],
255 silly audit   'multicast-dns': [ '7.2.5' ],
255 silly audit   nanoid: [ '3.3.7' ],
255 silly audit   negotiator: [ '0.6.3' ],
255 silly audit   'neo-async': [ '2.6.2' ],
255 silly audit   'no-case': [ '3.0.4' ],
255 silly audit   'node-forge': [ '1.3.1' ],
255 silly audit   'node-libs-browser': [ '2.2.1' ],
255 silly audit   'node-notifier': [ '9.0.1' ],
255 silly audit   'node-releases': [ '2.0.18' ],
255 silly audit   'normalize-path': [ '3.0.0' ],
255 silly audit   'normalize-range': [ '0.1.2' ],
255 silly audit   'normalize-url': [ '6.1.0' ],
255 silly audit   'npm-run-path': [ '4.0.1' ],
255 silly audit   'nth-check': [ '2.1.1' ],
255 silly audit   'object-inspect': [ '1.13.2' ],
255 silly audit   'object-keys': [ '1.1.1' ],
255 silly audit   'object.assign': [ '4.1.5' ],
255 silly audit   obuf: [ '1.1.2' ],
255 silly audit   'on-finished': [ '2.4.1' ],
255 silly audit   'on-headers': [ '1.0.2' ],
255 silly audit   once: [ '1.4.0' ],
255 silly audit   onetime: [ '5.1.2' ],
255 silly audit   open: [ '8.4.2' ],
255 silly audit   'os-browserify': [ '0.3.0' ],
255 silly audit   'p-limit': [ '2.3.0' ],
255 silly audit   'p-locate': [ '4.1.0' ],
255 silly audit   'p-pipe': [ '3.1.0' ],
255 silly audit   'p-retry': [ '4.6.2' ],
255 silly audit   'p-try': [ '2.2.0' ],
255 silly audit   pako: [ '1.0.11' ],
255 silly audit   'param-case': [ '3.0.4' ],
255 silly audit   'parent-module': [ '1.0.1' ],
255 silly audit   'parse-asn1': [ '5.1.7' ],
255 silly audit   'parse-json': [ '5.2.0' ],
255 silly audit   parseurl: [ '1.3.3' ],
255 silly audit   'pascal-case': [ '3.1.2' ],
255 silly audit   'path-browserify': [ '0.0.1' ],
255 silly audit   'path-exists': [ '4.0.0' ],
255 silly audit   'path-is-absolute': [ '1.0.1' ],
255 silly audit   'path-key': [ '3.1.1' ],
255 silly audit   'path-parse': [ '1.0.7' ],
255 silly audit   'path-to-regexp': [ '0.1.10' ],
255 silly audit   'path-type': [ '4.0.0' ],
255 silly audit   pbkdf2: [ '3.1.2' ],
255 silly audit   picocolors: [ '1.1.1' ],
255 silly audit   picomatch: [ '2.3.1' ],
255 silly audit   'pkg-dir': [ '4.2.0' ],
255 silly audit   postcss: [ '8.4.47' ],
255 silly audit   'postcss-calc': [ '8.2.4' ],
255 silly audit   'postcss-colormin': [ '5.3.1' ],
255 silly audit   'postcss-convert-values': [ '5.1.3' ],
255 silly audit   'postcss-discard-comments': [ '5.1.2' ],
255 silly audit   'postcss-discard-duplicates': [ '5.1.0' ],
255 silly audit   'postcss-discard-empty': [ '5.1.1' ],
255 silly audit   'postcss-discard-overridden': [ '5.1.0' ],
255 silly audit   'postcss-load-config': [ '3.1.4', '4.0.2' ],
255 silly audit   'postcss-loader': [ '6.2.1' ],
255 silly audit   'postcss-merge-longhand': [ '5.1.7' ],
255 silly audit   'postcss-merge-rules': [ '5.1.4' ],
255 silly audit   'postcss-minify-font-values': [ '5.1.0' ],
255 silly audit   'postcss-minify-gradients': [ '5.1.1' ],
255 silly audit   'postcss-minify-params': [ '5.1.4' ],
255 silly audit   'postcss-minify-selectors': [ '5.2.1' ],
255 silly audit   'postcss-modules-extract-imports': [ '3.1.0' ],
255 silly audit   'postcss-modules-local-by-default': [ '4.0.5' ],
255 silly audit   'postcss-modules-scope': [ '3.2.0' ],
255 silly audit   'postcss-modules-values': [ '4.0.0' ],
255 silly audit   'postcss-normalize-charset': [ '5.1.0' ],
255 silly audit   'postcss-normalize-display-values': [ '5.1.0' ],
255 silly audit   'postcss-normalize-positions': [ '5.1.1' ],
255 silly audit   'postcss-normalize-repeat-style': [ '5.1.1' ],
255 silly audit   'postcss-normalize-string': [ '5.1.0' ],
255 silly audit   'postcss-normalize-timing-functions': [ '5.1.0' ],
255 silly audit   'postcss-normalize-unicode': [ '5.1.1' ],
255 silly audit   'postcss-normalize-url': [ '5.1.0' ],
255 silly audit   'postcss-normalize-whitespace': [ '5.1.1' ],
255 silly audit   'postcss-ordered-values': [ '5.1.3' ],
255 silly audit   'postcss-reduce-initial': [ '5.1.2' ],
255 silly audit   'postcss-reduce-transforms': [ '5.1.0' ],
255 silly audit   'postcss-selector-parser': [ '6.1.2' ],
255 silly audit   'postcss-svgo': [ '5.1.0' ],
255 silly audit   'postcss-unique-selectors': [ '5.1.1' ],
255 silly audit   'postcss-value-parser': [ '4.2.0' ],
255 silly audit   'pretty-time': [ '1.1.0' ],
255 silly audit   process: [ '0.11.10' ],
255 silly audit   'process-nextick-args': [ '2.0.1' ],
255 silly audit   'proxy-addr': [ '2.0.7' ],
255 silly audit   'public-encrypt': [ '4.0.3' ],
255 silly audit   punycode: [ '1.4.1', '2.3.1' ],
255 silly audit   qs: [ '6.13.0' ],
255 silly audit   'querystring-es3': [ '0.2.1' ],
255 silly audit   'queue-microtask': [ '1.2.3' ],
255 silly audit   randombytes: [ '2.1.0' ],
255 silly audit   randomfill: [ '1.0.4' ],
255 silly audit   'range-parser': [ '1.2.1' ],
255 silly audit   'raw-body': [ '2.5.2' ],
255 silly audit   'readable-stream': [ '2.3.8', '3.6.2' ],
255 silly audit   string_decoder: [ '1.1.1', '1.3.0' ],
255 silly audit   readdirp: [ '3.6.0' ],
255 silly audit   rechoir: [ '0.7.1' ],
255 silly audit   regenerate: [ '1.4.2' ],
255 silly audit   'regenerate-unicode-properties': [ '10.2.0' ],
255 silly audit   'regenerator-runtime': [ '0.14.1' ],
255 silly audit   'regenerator-transform': [ '0.15.2' ],
255 silly audit   'regexpu-core': [ '6.1.1' ],
255 silly audit   regjsgen: [ '0.8.0' ],
255 silly audit   regjsparser: [ '0.11.1' ],
255 silly audit   relateurl: [ '0.2.7' ],
255 silly audit   'replace-ext': [ '1.0.1' ],
255 silly audit   'require-directory': [ '2.1.1' ],
255 silly audit   'require-from-string': [ '2.0.2' ],
255 silly audit   'requires-port': [ '1.0.0' ],
255 silly audit   resolve: [ '1.22.8' ],
255 silly audit   'resolve-cwd': [ '3.0.0' ],
255 silly audit   'resolve-from': [ '5.0.0', '4.0.0' ],
255 silly audit   retry: [ '0.13.1' ],
255 silly audit   reusify: [ '1.0.4' ],
255 silly audit   rimraf: [ '3.0.2' ],
255 silly audit   ripemd160: [ '2.0.2' ],
255 silly audit   'run-parallel': [ '1.2.0' ],
255 silly audit   'safer-buffer': [ '2.1.2' ],
255 silly audit   'select-hose': [ '2.0.0' ],
255 silly audit   selfsigned: [ '2.4.1' ],
255 silly audit   send: [ '0.19.0' ],
255 silly audit   'serialize-javascript': [ '6.0.2' ],
255 silly audit   'serve-index': [ '1.9.1' ],
255 silly audit   setprototypeof: [ '1.1.0', '1.2.0' ],
255 silly audit   statuses: [ '1.5.0', '2.0.1' ],
255 silly audit   'serve-static': [ '1.16.2' ],
255 silly audit   'set-function-length': [ '1.2.2' ],
255 silly audit   setimmediate: [ '1.0.5' ],
255 silly audit   'sha.js': [ '2.4.11' ],
255 silly audit   'shallow-clone': [ '3.0.1' ],
255 silly audit   'shebang-command': [ '2.0.0' ],
255 silly audit   'shebang-regex': [ '3.0.0' ],
255 silly audit   'shell-quote': [ '1.8.1' ],
255 silly audit   shellwords: [ '0.1.1' ],
255 silly audit   'side-channel': [ '1.0.6' ],
255 silly audit   'signal-exit': [ '3.0.7', '4.1.0' ],
255 silly audit   slash: [ '3.0.0' ],
255 silly audit   sockjs: [ '0.3.24' ],
255 silly audit   'source-list-map': [ '2.0.1' ],
255 silly audit   'source-map': [ '0.6.1' ],
255 silly audit   'source-map-js': [ '1.2.1' ],
255 silly audit   'source-map-support': [ '0.5.21' ],
255 silly audit   spdy: [ '4.0.2' ],
255 silly audit   'spdy-transport': [ '3.0.0' ],
255 silly audit   stable: [ '0.1.8' ],
255 silly audit   'std-env': [ '3.7.0' ],
255 silly audit   'stream-browserify': [ '2.0.2' ],
255 silly audit   'stream-http': [ '2.8.3' ],
255 silly audit   'string-width': [ '4.2.3', '5.1.2' ],
255 silly audit   'strip-ansi': [ '6.0.1', '7.1.0' ],
255 silly audit   'strip-final-newline': [ '2.0.0' ],
255 silly audit   'style-loader': [ '2.0.0' ],
255 silly audit   stylehacks: [ '5.1.1' ],
255 silly audit   'supports-preserve-symlinks-flag': [ '1.0.0' ],
255 silly audit   svgo: [ '2.8.0' ],
255 silly audit   tapable: [ '2.2.1' ],
255 silly audit   'terser-webpack-plugin': [ '5.3.10' ],
255 silly audit   thunky: [ '1.1.0' ],
255 silly audit   'timers-browserify': [ '2.0.12' ],
255 silly audit   'to-arraybuffer': [ '1.0.1' ],
255 silly audit   'to-regex-range': [ '5.0.1' ],
255 silly audit   toidentifier: [ '1.0.1' ],
255 silly audit   tslib: [ '2.8.0' ],
255 silly audit   'tty-browserify': [ '0.0.0' ],
255 silly audit   'type-is': [ '1.6.18' ],
255 silly audit   'undici-types': [ '6.19.8' ],
255 silly audit   'unicode-canonical-property-names-ecmascript': [ '2.0.1' ],
255 silly audit   'unicode-match-property-ecmascript': [ '2.0.0' ],
255 silly audit   'unicode-match-property-value-ecmascript': [ '2.2.0' ],
255 silly audit   'unicode-property-aliases-ecmascript': [ '2.1.0' ],
255 silly audit   universalify: [ '2.0.1' ],
255 silly audit   unpipe: [ '1.0.0' ],
255 silly audit   'update-browserslist-db': [ '1.1.1' ],
255 silly audit   'uri-js': [ '4.4.1' ],
255 silly audit   url: [ '0.11.4' ],
255 silly audit   'util-deprecate': [ '1.0.2' ],
255 silly audit   'utils-merge': [ '1.0.1' ],
255 silly audit   uuid: [ '8.3.2' ],
255 silly audit   vary: [ '1.1.2' ],
255 silly audit   'vm-browserify': [ '1.1.2' ],
255 silly audit   'vue-style-loader': [ '4.1.3' ],
255 silly audit   watchpack: [ '2.4.2' ],
255 silly audit   wbuf: [ '1.7.3' ],
255 silly audit   webpack: [ '5.95.0' ],
255 silly audit   'webpack-cli': [ '4.10.0' ],
255 silly audit   'webpack-dev-middleware': [ '5.3.4' ],
255 silly audit   'webpack-dev-server': [ '4.15.2' ],
255 silly audit   'webpack-merge': [ '5.10.0' ],
255 silly audit   'webpack-notifier': [ '1.15.0' ],
255 silly audit   'webpack-sources': [ '1.4.3', '3.2.3' ],
255 silly audit   webpackbar: [ '5.0.2' ],
255 silly audit   'websocket-driver': [ '0.7.4' ],
255 silly audit   'websocket-extensions': [ '0.1.4' ],
255 silly audit   which: [ '2.0.2' ],
255 silly audit   wildcard: [ '2.0.1' ],
255 silly audit   'wrap-ansi': [ '7.0.0', '8.1.0' ],
255 silly audit   wrappy: [ '1.0.2' ],
255 silly audit   ws: [ '8.18.0' ],
255 silly audit   xtend: [ '4.0.2' ],
255 silly audit   y18n: [ '5.0.8' ],
255 silly audit   yallist: [ '3.1.1' ],
255 silly audit   yaml: [ '1.10.2', '2.6.0' ],
255 silly audit   yargs: [ '17.7.2' ],
255 silly audit   'yargs-parser': [ '21.1.1' ],
255 silly audit   tailwindcss: [ '3.4.14' ],
255 silly audit   '@alloc/quick-lru': [ '5.2.0' ],
255 silly audit   arg: [ '5.0.2' ],
255 silly audit   didyoumean: [ '1.2.2' ],
255 silly audit   dlv: [ '1.1.3' ],
255 silly audit   jiti: [ '1.21.6' ],
255 silly audit   'object-hash': [ '3.0.0' ],
255 silly audit   'postcss-import': [ '15.1.0' ],
255 silly audit   'postcss-js': [ '4.0.1' ],
255 silly audit   'postcss-nested': [ '6.2.0' ],
255 silly audit   sucrase: [ '3.35.0' ],
255 silly audit   'read-cache': [ '1.0.0' ],
255 silly audit   'camelcase-css': [ '2.0.1' ],
255 silly audit   pify: [ '2.3.0' ],
255 silly audit   mz: [ '2.7.0' ],
255 silly audit   pirates: [ '4.0.6' ],
255 silly audit   'ts-interface-checker': [ '0.1.13' ],
255 silly audit   'any-promise': [ '1.3.0' ],
255 silly audit   'object-assign': [ '4.1.1' ],
255 silly audit   'thenify-all': [ '1.6.0' ],
255 silly audit   thenify: [ '3.3.1' ],
255 silly audit   'foreground-child': [ '3.3.0' ],
255 silly audit   jackspeak: [ '3.4.3' ],
255 silly audit   minipass: [ '7.1.2' ],
255 silly audit   'package-json-from-dist': [ '1.0.1' ],
255 silly audit   'path-scurry': [ '1.11.1' ],
255 silly audit   '@isaacs/cliui': [ '8.0.2' ],
255 silly audit   '@pkgjs/parseargs': [ '0.11.0' ],
255 silly audit   eastasianwidth: [ '0.2.0' ]
255 silly audit }
256 verbose reify failed optional dependency /var/www/node_modules/fsevents
257 silly reify mark deleted [ '/var/www/node_modules/fsevents' ]
258 timing reifyNode:node_modules/fsevents Completed in 12ms
259 silly tarball no local data for eastasianwidth@https://registry.npmjs.org/eastasianwidth/-/eastasianwidth-0.2.0.tgz. Extracting by manifest.
260 silly tarball no local data for wrap-ansi-cjs@https://registry.npmjs.org/wrap-ansi/-/wrap-ansi-7.0.0.tgz. Extracting by manifest.
261 silly tarball no local data for strip-ansi-cjs@https://registry.npmjs.org/strip-ansi/-/strip-ansi-6.0.1.tgz. Extracting by manifest.
262 silly tarball no local data for string-width-cjs@https://registry.npmjs.org/string-width/-/string-width-4.2.3.tgz. Extracting by manifest.
263 silly tarball no local data for @pkgjs/parseargs@https://registry.npmjs.org/@pkgjs/parseargs/-/parseargs-0.11.0.tgz. Extracting by manifest.
264 silly tarball no local data for package-json-from-dist@https://registry.npmjs.org/package-json-from-dist/-/package-json-from-dist-1.0.1.tgz. Extracting by manifest.
265 silly tarball no local data for minipass@https://registry.npmjs.org/minipass/-/minipass-7.1.2.tgz. Extracting by manifest.
266 silly tarball no local data for jackspeak@https://registry.npmjs.org/jackspeak/-/jackspeak-3.4.3.tgz. Extracting by manifest.
267 silly tarball no local data for thenify@https://registry.npmjs.org/thenify/-/thenify-3.3.1.tgz. Extracting by manifest.
268 silly tarball no local data for thenify-all@https://registry.npmjs.org/thenify-all/-/thenify-all-1.6.0.tgz. Extracting by manifest.
269 silly tarball no local data for object-assign@https://registry.npmjs.org/object-assign/-/object-assign-4.1.1.tgz. Extracting by manifest.
270 silly tarball no local data for any-promise@https://registry.npmjs.org/any-promise/-/any-promise-1.3.0.tgz. Extracting by manifest.
271 silly tarball no local data for ts-interface-checker@https://registry.npmjs.org/ts-interface-checker/-/ts-interface-checker-0.1.13.tgz. Extracting by manifest.
272 silly tarball no local data for pirates@https://registry.npmjs.org/pirates/-/pirates-4.0.6.tgz. Extracting by manifest.
273 silly tarball no local data for pify@https://registry.npmjs.org/pify/-/pify-2.3.0.tgz. Extracting by manifest.
274 silly tarball no local data for mz@https://registry.npmjs.org/mz/-/mz-2.7.0.tgz. Extracting by manifest.
275 silly tarball no local data for camelcase-css@https://registry.npmjs.org/camelcase-css/-/camelcase-css-2.0.1.tgz. Extracting by manifest.
276 silly tarball no local data for read-cache@https://registry.npmjs.org/read-cache/-/read-cache-1.0.0.tgz. Extracting by manifest.
277 silly tarball no local data for postcss-nested@https://registry.npmjs.org/postcss-nested/-/postcss-nested-6.2.0.tgz. Extracting by manifest.
278 silly tarball no local data for postcss-js@https://registry.npmjs.org/postcss-js/-/postcss-js-4.0.1.tgz. Extracting by manifest.
279 silly tarball no local data for postcss-import@https://registry.npmjs.org/postcss-import/-/postcss-import-15.1.0.tgz. Extracting by manifest.
280 silly tarball no local data for object-hash@https://registry.npmjs.org/object-hash/-/object-hash-3.0.0.tgz. Extracting by manifest.
281 silly tarball no local data for jiti@https://registry.npmjs.org/jiti/-/jiti-1.21.6.tgz. Extracting by manifest.
282 silly tarball no local data for dlv@https://registry.npmjs.org/dlv/-/dlv-1.1.3.tgz. Extracting by manifest.
283 silly tarball no local data for didyoumean@https://registry.npmjs.org/didyoumean/-/didyoumean-1.2.2.tgz. Extracting by manifest.
284 silly tarball no local data for arg@https://registry.npmjs.org/arg/-/arg-5.0.2.tgz. Extracting by manifest.
285 silly tarball no local data for @alloc/quick-lru@https://registry.npmjs.org/@alloc/quick-lru/-/quick-lru-5.2.0.tgz. Extracting by manifest.
286 silly tarball no local data for ansi-styles@https://registry.npmjs.org/ansi-styles/-/ansi-styles-6.2.1.tgz. Extracting by manifest.
287 silly tarball no local data for ansi-regex@https://registry.npmjs.org/ansi-regex/-/ansi-regex-6.1.0.tgz. Extracting by manifest.
288 silly tarball no local data for emoji-regex@https://registry.npmjs.org/emoji-regex/-/emoji-regex-9.2.2.tgz. Extracting by manifest.
289 silly tarball no local data for wrap-ansi@https://registry.npmjs.org/wrap-ansi/-/wrap-ansi-8.1.0.tgz. Extracting by manifest.
290 silly tarball no local data for strip-ansi@https://registry.npmjs.org/strip-ansi/-/strip-ansi-7.1.0.tgz. Extracting by manifest.
291 silly tarball no local data for lru-cache@https://registry.npmjs.org/lru-cache/-/lru-cache-10.4.3.tgz. Extracting by manifest.
292 silly tarball no local data for signal-exit@https://registry.npmjs.org/signal-exit/-/signal-exit-4.1.0.tgz. Extracting by manifest.
293 silly tarball no local data for brace-expansion@https://registry.npmjs.org/brace-expansion/-/brace-expansion-2.0.1.tgz. Extracting by manifest.
294 silly tarball no local data for glob@https://registry.npmjs.org/glob/-/glob-10.4.5.tgz. Extracting by manifest.
295 silly tarball no local data for commander@https://registry.npmjs.org/commander/-/commander-4.1.1.tgz. Extracting by manifest.
296 silly tarball no local data for minimatch@https://registry.npmjs.org/minimatch/-/minimatch-9.0.5.tgz. Extracting by manifest.
297 silly tarball no local data for yaml@https://registry.npmjs.org/yaml/-/yaml-2.6.0.tgz. Extracting by manifest.
298 silly tarball no local data for lilconfig@https://registry.npmjs.org/lilconfig/-/lilconfig-3.1.2.tgz. Extracting by manifest.
299 silly tarball no local data for glob-parent@https://registry.npmjs.org/glob-parent/-/glob-parent-6.0.2.tgz. Extracting by manifest.
300 silly tarball no local data for string-width@https://registry.npmjs.org/string-width/-/string-width-5.1.2.tgz. Extracting by manifest.
301 silly tarball no local data for path-scurry@https://registry.npmjs.org/path-scurry/-/path-scurry-1.11.1.tgz. Extracting by manifest.
302 silly tarball no local data for @isaacs/cliui@https://registry.npmjs.org/@isaacs/cliui/-/cliui-8.0.2.tgz. Extracting by manifest.
303 silly tarball no local data for foreground-child@https://registry.npmjs.org/foreground-child/-/foreground-child-3.3.0.tgz. Extracting by manifest.
304 silly tarball no local data for sucrase@https://registry.npmjs.org/sucrase/-/sucrase-3.35.0.tgz. Extracting by manifest.
305 silly tarball no local data for postcss-load-config@https://registry.npmjs.org/postcss-load-config/-/postcss-load-config-4.0.2.tgz. Extracting by manifest.
306 http fetch POST 200 https://registry.npmjs.org/-/npm/v1/security/advisories/bulk 215ms
307 timing auditReport:getReport Completed in 224ms
308 silly audit report {
308 silly audit report   axios: [
308 silly audit report     {
308 silly audit report       id: 1097679,
308 silly audit report       url: 'https://github.com/advisories/GHSA-wf5p-g6vw-rhxx',
308 silly audit report       title: 'Axios Cross-Site Request Forgery Vulnerability',
308 silly audit report       severity: 'moderate',
308 silly audit report       vulnerable_versions: '>=0.8.1 <0.28.0',
308 silly audit report       cwe: [Array],
308 silly audit report       cvss: [Object]
308 silly audit report     }
308 silly audit report   ]
308 silly audit report }
309 silly tarball no local data for tailwindcss@https://registry.npmjs.org/tailwindcss/-/tailwindcss-3.4.14.tgz. Extracting by manifest.
310 timing metavuln:cache:get:security-advisory:axios:Oi6B9AucyObhJnAMQYb3eyigkQbiqrclLJ09eDn16DgUHYfFa+9WQjxUGArwnF1cWOy0gbdKMrAbkp8xW8Fwkg== Completed in 257ms
311 http fetch GET 200 https://registry.npmjs.org/eastasianwidth/-/eastasianwidth-0.2.0.tgz 578ms (cache miss)
312 timing reifyNode:node_modules/eastasianwidth Completed in 628ms
313 http fetch GET 200 https://registry.npmjs.org/axios 415ms (cache hit)
314 timing metavuln:packument:axios Completed in 418ms
315 timing metavuln:load:security-advisory:axios:1097679 Completed in 2ms
316 timing metavuln:calculate:security-advisory:axios:1097679 Completed in 420ms
317 timing auditReport:init Completed in 424ms
318 timing reify:audit Completed in 649ms
319 http fetch GET 200 https://registry.npmjs.org/didyoumean/-/didyoumean-1.2.2.tgz 596ms (cache miss)
320 timing reifyNode:node_modules/didyoumean Completed in 670ms
321 http fetch GET 200 https://registry.npmjs.org/string-width/-/string-width-4.2.3.tgz 633ms (cache miss)
322 timing reifyNode:node_modules/string-width-cjs Completed in 686ms
323 http fetch GET 200 https://registry.npmjs.org/thenify-all/-/thenify-all-1.6.0.tgz 631ms (cache miss)
324 timing reifyNode:node_modules/thenify-all Completed in 689ms
325 http fetch GET 200 https://registry.npmjs.org/postcss-js/-/postcss-js-4.0.1.tgz 620ms (cache miss)
326 timing reifyNode:node_modules/postcss-js Completed in 689ms
327 http fetch GET 200 https://registry.npmjs.org/read-cache/-/read-cache-1.0.0.tgz 624ms (cache miss)
328 timing reifyNode:node_modules/read-cache Completed in 691ms
329 http fetch GET 200 https://registry.npmjs.org/@alloc/quick-lru/-/quick-lru-5.2.0.tgz 618ms (cache miss)
330 timing reifyNode:node_modules/@alloc/quick-lru Completed in 699ms
331 http fetch GET 200 https://registry.npmjs.org/object-hash/-/object-hash-3.0.0.tgz 632ms (cache miss)
332 timing reifyNode:node_modules/object-hash Completed in 704ms
333 http fetch GET 200 https://registry.npmjs.org/dlv/-/dlv-1.1.3.tgz 631ms (cache miss)
334 timing reifyNode:node_modules/dlv Completed in 704ms
335 http fetch GET 200 https://registry.npmjs.org/wrap-ansi/-/wrap-ansi-8.1.0.tgz 619ms (cache miss)
336 timing reifyNode:node_modules/@isaacs/cliui/node_modules/wrap-ansi Completed in 709ms
337 http fetch GET 200 https://registry.npmjs.org/strip-ansi/-/strip-ansi-6.0.1.tgz 666ms (cache miss)
338 timing reifyNode:node_modules/strip-ansi-cjs Completed in 717ms
339 http fetch GET 200 https://registry.npmjs.org/thenify/-/thenify-3.3.1.tgz 658ms (cache miss)
340 timing reifyNode:node_modules/thenify Completed in 716ms
341 http fetch GET 200 https://registry.npmjs.org/wrap-ansi/-/wrap-ansi-7.0.0.tgz 668ms (cache miss)
342 timing reifyNode:node_modules/wrap-ansi-cjs Completed in 719ms
343 http fetch GET 200 https://registry.npmjs.org/emoji-regex/-/emoji-regex-9.2.2.tgz 631ms (cache miss)
344 http fetch GET 200 https://registry.npmjs.org/package-json-from-dist/-/package-json-from-dist-1.0.1.tgz 667ms (cache miss)
345 timing reifyNode:node_modules/package-json-from-dist Completed in 722ms
346 http fetch GET 200 https://registry.npmjs.org/object-assign/-/object-assign-4.1.1.tgz 661ms (cache miss)
347 timing reifyNode:node_modules/object-assign Completed in 721ms
348 timing reifyNode:node_modules/@isaacs/cliui/node_modules/emoji-regex Completed in 724ms
349 http fetch GET 200 https://registry.npmjs.org/pify/-/pify-2.3.0.tgz 661ms (cache miss)
350 timing reifyNode:node_modules/pify Completed in 726ms
351 http fetch GET 200 https://registry.npmjs.org/mz/-/mz-2.7.0.tgz 661ms (cache miss)
352 timing reifyNode:node_modules/mz Completed in 726ms
353 http fetch GET 200 https://registry.npmjs.org/@isaacs/cliui/-/cliui-8.0.2.tgz 579ms (cache miss)
354 timing reifyNode:node_modules/@isaacs/cliui Completed in 732ms
355 http fetch GET 200 https://registry.npmjs.org/camelcase-css/-/camelcase-css-2.0.1.tgz 665ms (cache miss)
356 timing reifyNode:node_modules/camelcase-css Completed in 731ms
357 http fetch GET 200 https://registry.npmjs.org/postcss-nested/-/postcss-nested-6.2.0.tgz 668ms (cache miss)
358 timing reifyNode:node_modules/postcss-nested Completed in 735ms
359 http fetch GET 200 https://registry.npmjs.org/ansi-regex/-/ansi-regex-6.1.0.tgz 652ms (cache miss)
360 timing reifyNode:node_modules/@isaacs/cliui/node_modules/ansi-regex Completed in 739ms
361 http fetch GET 200 https://registry.npmjs.org/arg/-/arg-5.0.2.tgz 657ms (cache miss)
362 timing reifyNode:node_modules/arg Completed in 736ms
363 http fetch GET 200 https://registry.npmjs.org/postcss-import/-/postcss-import-15.1.0.tgz 670ms (cache miss)
364 timing reifyNode:node_modules/postcss-import Completed in 741ms
365 http fetch GET 200 https://registry.npmjs.org/ansi-styles/-/ansi-styles-6.2.1.tgz 659ms (cache miss)
366 timing reifyNode:node_modules/@isaacs/cliui/node_modules/ansi-styles Completed in 744ms
367 http fetch GET 200 https://registry.npmjs.org/brace-expansion/-/brace-expansion-2.0.1.tgz 654ms (cache miss)
368 timing reifyNode:node_modules/sucrase/node_modules/brace-expansion Completed in 747ms
369 http fetch GET 200 https://registry.npmjs.org/strip-ansi/-/strip-ansi-7.1.0.tgz 660ms (cache miss)
370 timing reifyNode:node_modules/@isaacs/cliui/node_modules/strip-ansi Completed in 749ms
371 http fetch GET 200 https://registry.npmjs.org/string-width/-/string-width-5.1.2.tgz 632ms (cache miss)
372 timing reifyNode:node_modules/@isaacs/cliui/node_modules/string-width Completed in 751ms
373 http fetch GET 200 https://registry.npmjs.org/glob-parent/-/glob-parent-6.0.2.tgz 635ms (cache miss)
374 timing reifyNode:node_modules/tailwindcss/node_modules/glob-parent Completed in 748ms
375 http fetch GET 200 https://registry.npmjs.org/pirates/-/pirates-4.0.6.tgz 688ms (cache miss)
376 timing reifyNode:node_modules/pirates Completed in 752ms
377 http fetch GET 200 https://registry.npmjs.org/lilconfig/-/lilconfig-3.1.2.tgz 640ms (cache miss)
378 timing reifyNode:node_modules/tailwindcss/node_modules/postcss-load-config/node_modules/lilconfig Completed in 752ms
379 http fetch GET 200 https://registry.npmjs.org/postcss-load-config/-/postcss-load-config-4.0.2.tgz 598ms (cache miss)
380 timing reifyNode:node_modules/tailwindcss/node_modules/postcss-load-config Completed in 756ms
381 http fetch GET 200 https://registry.npmjs.org/commander/-/commander-4.1.1.tgz 662ms (cache miss)
382 timing reifyNode:node_modules/sucrase/node_modules/commander Completed in 770ms
383 http fetch GET 200 https://registry.npmjs.org/any-promise/-/any-promise-1.3.0.tgz 716ms (cache miss)
384 http fetch GET 200 https://registry.npmjs.org/ts-interface-checker/-/ts-interface-checker-0.1.13.tgz 717ms (cache miss)
385 timing reifyNode:node_modules/ts-interface-checker Completed in 779ms
386 timing reifyNode:node_modules/any-promise Completed in 784ms
387 http fetch GET 200 https://registry.npmjs.org/signal-exit/-/signal-exit-4.1.0.tgz 705ms (cache miss)
388 timing reifyNode:node_modules/foreground-child/node_modules/signal-exit Completed in 810ms
389 http fetch GET 200 https://registry.npmjs.org/@pkgjs/parseargs/-/parseargs-0.11.0.tgz 762ms (cache miss)
390 timing reifyNode:node_modules/@pkgjs/parseargs Completed in 816ms
391 http fetch GET 200 https://registry.npmjs.org/minipass/-/minipass-7.1.2.tgz 806ms (cache miss)
392 timing reifyNode:node_modules/minipass Completed in 861ms
393 http fetch GET 200 https://registry.npmjs.org/path-scurry/-/path-scurry-1.11.1.tgz 714ms (cache miss)
394 timing reifyNode:node_modules/path-scurry Completed in 863ms
395 http fetch GET 200 https://registry.npmjs.org/foreground-child/-/foreground-child-3.3.0.tgz 712ms (cache miss)
396 timing reifyNode:node_modules/foreground-child Completed in 870ms
397 http fetch GET 200 https://registry.npmjs.org/jackspeak/-/jackspeak-3.4.3.tgz 816ms (cache miss)
398 timing reifyNode:node_modules/jackspeak Completed in 873ms
399 http fetch GET 200 https://registry.npmjs.org/lru-cache/-/lru-cache-10.4.3.tgz 825ms (cache miss)
400 timing reifyNode:node_modules/path-scurry/node_modules/lru-cache Completed in 916ms
401 http fetch GET 200 https://registry.npmjs.org/glob/-/glob-10.4.5.tgz 852ms (cache miss)
402 timing reifyNode:node_modules/sucrase/node_modules/glob Completed in 947ms
403 http fetch GET 200 https://registry.npmjs.org/minimatch/-/minimatch-9.0.5.tgz 837ms (cache miss)
404 timing reifyNode:node_modules/sucrase/node_modules/minimatch Completed in 947ms
405 http fetch GET 200 https://registry.npmjs.org/jiti/-/jiti-1.21.6.tgz 909ms (cache miss)
406 timing reifyNode:node_modules/jiti Completed in 982ms
407 http fetch GET 200 https://registry.npmjs.org/sucrase/-/sucrase-3.35.0.tgz 1027ms (cache miss)
408 timing reifyNode:node_modules/sucrase Completed in 1189ms
409 http fetch GET 200 https://registry.npmjs.org/yaml/-/yaml-2.6.0.tgz 1084ms (cache miss)
410 timing reifyNode:node_modules/tailwindcss/node_modules/yaml Completed in 1194ms
411 http fetch GET 200 https://registry.npmjs.org/tailwindcss/-/tailwindcss-3.4.14.tgz 951ms (cache miss)
412 timing reifyNode:node_modules/tailwindcss Completed in 1288ms
413 timing reify:unpack Completed in 1294ms
414 timing reify:unretire Completed in 0ms
415 timing build:queue Completed in 3ms
416 timing build:link:node_modules/jiti Completed in 9ms
417 timing build:link:node_modules/tailwindcss Completed in 8ms
418 timing build:link:node_modules/sucrase Completed in 9ms
419 timing build:link:node_modules/sucrase/node_modules/glob Completed in 8ms
420 timing build:link:node_modules/tailwindcss/node_modules/yaml Completed in 8ms
421 timing build:link Completed in 9ms
422 timing build:deps Completed in 13ms
423 timing build Completed in 13ms
424 timing reify:build Completed in 15ms
425 timing reify:trash Completed in 0ms
426 timing reify:save Completed in 169ms
427 timing reify Completed in 4727ms
428 silly ADD node_modules/eastasianwidth
429 silly ADD node_modules/wrap-ansi-cjs
430 silly ADD node_modules/strip-ansi-cjs
431 silly ADD node_modules/string-width-cjs
432 silly ADD node_modules/@pkgjs/parseargs
433 silly ADD node_modules/@isaacs/cliui
434 silly ADD node_modules/@isaacs/cliui/node_modules/ansi-styles
435 silly ADD node_modules/@isaacs/cliui/node_modules/ansi-regex
436 silly ADD node_modules/@isaacs/cliui/node_modules/emoji-regex
437 silly ADD node_modules/@isaacs/cliui/node_modules/wrap-ansi
438 silly ADD node_modules/@isaacs/cliui/node_modules/strip-ansi
439 silly ADD node_modules/@isaacs/cliui/node_modules/string-width
440 silly ADD node_modules/path-scurry
441 silly ADD node_modules/path-scurry/node_modules/lru-cache
442 silly ADD node_modules/package-json-from-dist
443 silly ADD node_modules/minipass
444 silly ADD node_modules/jackspeak
445 silly ADD node_modules/foreground-child
446 silly ADD node_modules/foreground-child/node_modules/signal-exit
447 silly ADD node_modules/thenify
448 silly ADD node_modules/thenify-all
449 silly ADD node_modules/object-assign
450 silly ADD node_modules/any-promise
451 silly ADD node_modules/ts-interface-checker
452 silly ADD node_modules/pirates
453 silly ADD node_modules/mz
454 silly ADD node_modules/pify
455 silly ADD node_modules/camelcase-css
456 silly ADD node_modules/read-cache
457 silly ADD node_modules/sucrase
458 silly ADD node_modules/sucrase/node_modules/brace-expansion
459 silly ADD node_modules/sucrase/node_modules/minimatch
460 silly ADD node_modules/sucrase/node_modules/glob
461 silly ADD node_modules/sucrase/node_modules/commander
462 silly ADD node_modules/postcss-nested
463 silly ADD node_modules/postcss-js
464 silly ADD node_modules/postcss-import
465 silly ADD node_modules/object-hash
466 silly ADD node_modules/jiti
467 silly ADD node_modules/dlv
468 silly ADD node_modules/didyoumean
469 silly ADD node_modules/arg
470 silly ADD node_modules/@alloc/quick-lru
471 silly ADD node_modules/tailwindcss
472 silly ADD node_modules/tailwindcss/node_modules/yaml
473 silly ADD node_modules/tailwindcss/node_modules/postcss-load-config
474 silly ADD node_modules/tailwindcss/node_modules/postcss-load-config/node_modules/lilconfig
475 silly ADD node_modules/tailwindcss/node_modules/glob-parent
476 silly ADD
477 timing command:install Completed in 4740ms
478 verbose exit 0
479 timing npm Completed in 4827ms
480 info ok
